11:10:45.909 [main] DEBUG sampleslf4j.SampleSlf4j - debug message
11:10:45.910 [main] INFO  sampleslf4j.SampleSlf4j - info message
11:10:45.910 [main] WARN  sampleslf4j.SampleSlf4j - warn message
11:10:45.911 [main] ERROR sampleslf4j.SampleSlf4j - error message
11:11:26.191 [main] DEBUG sampleslf4j.SampleSlf4j - debug message
11:11:26.193 [main] INFO  sampleslf4j.SampleSlf4j - info message
11:11:26.193 [main] WARN  sampleslf4j.SampleSlf4j - warn message
11:11:26.193 [main] ERROR sampleslf4j.SampleSlf4j - error message
11:28:50.989 [main] DEBUG sampleslf4j.SampleSlf4j - debug message
11:28:50.991 [main] INFO  sampleslf4j.SampleSlf4j - info message
11:28:50.992 [main] WARN  sampleslf4j.SampleSlf4j - warn message
11:28:50.992 [main] ERROR sampleslf4j.SampleSlf4j - error message
11:28:59.422 [main] DEBUG sampleslf4j.SampleSlf4j - debug message
11:28:59.424 [main] INFO  sampleslf4j.SampleSlf4j - info message
11:28:59.424 [main] WARN  sampleslf4j.SampleSlf4j - warn message
11:28:59.425 [main] ERROR sampleslf4j.SampleSlf4j - error message
11:29:13.054 [main] DEBUG sampleslf4j.SampleSlf4j - debug message
11:29:13.055 [main] INFO  sampleslf4j.SampleSlf4j - info message
11:29:13.055 [main] WARN  sampleslf4j.SampleSlf4j - warn message
11:29:13.056 [main] ERROR sampleslf4j.SampleSlf4j - error message
11:29:37.067 [main] DEBUG sampleslf4j.SampleSlf4j - debug message
11:29:37.068 [main] INFO  sampleslf4j.SampleSlf4j - info message
11:29:37.069 [main] WARN  sampleslf4j.SampleSlf4j - warn message
11:29:37.069 [main] ERROR sampleslf4j.SampleSlf4j - error message
11:29:49.489 [main] DEBUG sampleslf4j.SampleSlf4j - debug message
11:29:49.491 [main] INFO  sampleslf4j.SampleSlf4j - info message
11:29:49.492 [main] WARN  sampleslf4j.SampleSlf4j - warn message
11:29:49.492 [main] ERROR sampleslf4j.SampleSlf4j - error message
11:30:00.220 [main] DEBUG sampleslf4j.SampleSlf4j - debug message
11:30:00.221 [main] INFO  sampleslf4j.SampleSlf4j - info message
11:30:00.221 [main] WARN  sampleslf4j.SampleSlf4j - warn message
11:30:00.222 [main] ERROR sampleslf4j.SampleSlf4j - error message
11:30:12.164 [main] DEBUG sampleslf4j.SampleSlf4j - debug message
11:30:12.165 [main] INFO  sampleslf4j.SampleSlf4j - info message
11:30:12.165 [main] WARN  sampleslf4j.SampleSlf4j - warn message
11:30:12.165 [main] ERROR sampleslf4j.SampleSlf4j - error message
11:30:29.815 [main] DEBUG sampleslf4j.SampleSlf4j - debug message
11:30:29.816 [main] INFO  sampleslf4j.SampleSlf4j - info message
11:30:29.816 [main] WARN  sampleslf4j.SampleSlf4j - warn message
11:30:29.816 [main] ERROR sampleslf4j.SampleSlf4j - error message
11:30:49.678 [main] DEBUG sampleslf4j.SampleSlf4j - debug message
11:30:49.680 [main] INFO  sampleslf4j.SampleSlf4j - info message
11:30:49.680 [main] WARN  sampleslf4j.SampleSlf4j - warn message
11:30:49.680 [main] ERROR sampleslf4j.SampleSlf4j - error message
11:33:40.933 [main] DEBUG sampleslf4j.SampleSlf4j - debug message
11:33:40.934 [main] INFO  sampleslf4j.SampleSlf4j - info message
11:33:40.935 [main] WARN  sampleslf4j.SampleSlf4j - warn message
11:33:40.935 [main] ERROR sampleslf4j.SampleSlf4j - error message
11:33:53.029 [main] DEBUG sampleslf4j.SampleSlf4j - debug message
11:33:53.031 [main] INFO  sampleslf4j.SampleSlf4j - info message
11:33:53.032 [main] WARN  sampleslf4j.SampleSlf4j - warn message
11:33:53.032 [main] ERROR sampleslf4j.SampleSlf4j - error message
11:34:18.659 [main] DEBUG sampleslf4j.SampleSlf4j - de.bu.g me.ss.age
11:34:18.660 [main] INFO  sampleslf4j.SampleSlf4j - info message
11:34:18.661 [main] WARN  sampleslf4j.SampleSlf4j - warn message
11:34:18.661 [main] ERROR sampleslf4j.SampleSlf4j - error message
11:34:49.422 [main] DEBUG sampleslf4j.SampleSlf4j - de.bu.g me.ss.age
11:34:49.424 [main] INFO  sampleslf4j.SampleSlf4j - info message
11:34:49.424 [main] WARN  sampleslf4j.SampleSlf4j - warn message
11:34:49.424 [main] ERROR sampleslf4j.SampleSlf4j - error message
11:34:56.491 [main] DEBUG sampleslf4j.SampleSlf4j - de.bu.g me.ss.age
11:34:56.492 [main] INFO  sampleslf4j.SampleSlf4j - info message
11:34:56.492 [main] WARN  sampleslf4j.SampleSlf4j - warn message
11:34:56.492 [main] ERROR sampleslf4j.SampleSlf4j - error message
11:35:03.620 [main] DEBUG sampleslf4j.SampleSlf4j - de.bu.g me.ss.age
11:35:03.622 [main] INFO  sampleslf4j.SampleSlf4j - info message
11:35:03.622 [main] WARN  sampleslf4j.SampleSlf4j - warn message
11:35:03.622 [main] ERROR sampleslf4j.SampleSlf4j - error message
11:35:18.239 [main] DEBUG sampleslf4j.SampleSlf4j - de.bu.g me.ss.age
11:35:18.240 [main] INFO  sampleslf4j.SampleSlf4j - info message
11:35:18.241 [main] WARN  sampleslf4j.SampleSlf4j - warn message
11:35:18.241 [main] ERROR sampleslf4j.SampleSlf4j - error message
11:37:05.141 [main] DEBUG sampleslf4j.SampleSlf4j - de.bu.g me.ss.age
11:37:05.143 [main] INFO  sampleslf4j.SampleSlf4j - info message
11:37:05.143 [main] WARN  sampleslf4j.SampleSlf4j - warn message
11:37:05.143 [main] ERROR sampleslf4j.SampleSlf4j - error message
11:37:13.558 [main] DEBUG sampleslf4j.SampleSlf4j - de.bu.g me.ss.age
11:37:13.562 [main] INFO  sampleslf4j.SampleSlf4j - info message
11:37:13.562 [main] WARN  sampleslf4j.SampleSlf4j - warn message
11:37:13.562 [main] ERROR sampleslf4j.SampleSlf4j - error message
11:38:22.368 [main] DEBUG sampleslf4j.SampleSlf4j - de.bu.g me.ss.age
11:38:22.370 [main] INFO  sampleslf4j.SampleSlf4j - info message
11:38:22.371 [main] WARN  sampleslf4j.SampleSlf4j - warn message
11:38:22.371 [main] ERROR sampleslf4j.SampleSlf4j - error message
11:38:43.302 [main] DEBUG sampleslf4j.SampleSlf4j - de.bu.g me.ss.age
11:38:43.306 [main] INFO  sampleslf4j.SampleSlf4j - info message
11:38:43.307 [main] WARN  sampleslf4j.SampleSlf4j - warn message
11:38:43.307 [main] ERROR sampleslf4j.SampleSlf4j - error message
11:40:36.766 [main] DEBUG sampleslf4j.SampleSlf4j de.bu.g me.ss.age- de.bu.g me.ss.age
11:40:36.771 [main] INFO  sampleslf4j.SampleSlf4j info message- info message
11:40:36.772 [main] WARN  sampleslf4j.SampleSlf4j warn message- warn message
11:40:36.772 [main] ERROR sampleslf4j.SampleSlf4j error message- error message
11:40:59.563 [main] DEBUG sampleslf4j.SampleSlf4j 23- de.bu.g me.ss.age
11:40:59.565 [main] INFO  sampleslf4j.SampleSlf4j 24- info message
11:40:59.565 [main] WARN  sampleslf4j.SampleSlf4j 25- warn message
11:40:59.565 [main] ERROR sampleslf4j.SampleSlf4j 26- error message
11:42:44.350 [main] DEBUG sampleslf4j.SampleSlf4j - de.bu.g me.ss.age
11:42:44.352 [main] INFO  sampleslf4j.SampleSlf4j - info message
11:42:44.353 [main] WARN  sampleslf4j.SampleSlf4j - warn message
11:42:44.353 [main] ERROR sampleslf4j.SampleSlf4j - error message
11:42:53.933 [main] DEBUG sampleslf4j.SampleSlf4j - de.bu.g me.ss.age
11:42:53.935 [main] INFO  sampleslf4j.SampleSlf4j - info message
11:42:53.935 [main] WARN  sampleslf4j.SampleSlf4j - warn message
11:42:53.935 [main] ERROR sampleslf4j.SampleSlf4j - error message
11:43:54.224 [main] DEBUG sampleslf4j.SampleSlf4j - de.bu.g me.ss.age
11:43:54.225 [main] INFO  sampleslf4j.SampleSlf4j - info message
11:43:54.225 [main] WARN  sampleslf4j.SampleSlf4j - warn message
11:43:54.225 [main] ERROR sampleslf4j.SampleSlf4j - error message
11:44:13.218 [main] DEBUG sampleslf4j.SampleSlf4j - de.bu.g me.ss.age
11:44:13.220 [main] INFO  sampleslf4j.SampleSlf4j - info message
11:44:13.220 [main] WARN  sampleslf4j.SampleSlf4j - warn message
11:44:13.220 [main] ERROR sampleslf4j.SampleSlf4j - error message
11:44:22.133 [main] DEBUG sampleslf4j.SampleSlf4j - de.bu.g me.ss.age
11:44:22.135 [main] INFO  sampleslf4j.SampleSlf4j - info message
11:44:22.136 [main] WARN  sampleslf4j.SampleSlf4j - warn message
11:44:22.136 [main] ERROR sampleslf4j.SampleSlf4j - error message
11:44:32.292 [main] DEBUG sampleslf4j.SampleSlf4j - de.bu.g me.ss.age
11:44:32.294 [main] INFO  sampleslf4j.SampleSlf4j - info message
11:44:32.294 [main] WARN  sampleslf4j.SampleSlf4j - warn message
11:44:32.294 [main] ERROR sampleslf4j.SampleSlf4j - error message
11:44:59.612 [main] DEBUG sampleslf4j.SampleSlf4j - de.bu.g me.ss.age
11:44:59.614 [main] INFO  sampleslf4j.SampleSlf4j - info message
11:44:59.615 [main] WARN  sampleslf4j.SampleSlf4j - warn message
11:44:59.615 [main] ERROR sampleslf4j.SampleSlf4j - error message
11:47:22.123 [main] DEBUG sampleslf4j.SampleSlf4j - de.bu.g me.ss.age
11:47:22.123 [main] INFO  sampleslf4j.SampleSlf4j - info message
11:47:22.123 [main] WARN  sampleslf4j.SampleSlf4j - warn message
11:47:22.123 [main] ERROR sampleslf4j.SampleSlf4j - error message
11:47:58.767 [main] DEBUG sampleslf4j.SampleSlf4j - de.bu.g me.ss.age
11:47:58.768 [main] INFO  sampleslf4j.SampleSlf4j - info message
11:47:58.769 [main] WARN  sampleslf4j.SampleSlf4j - warn message
11:47:58.769 [main] ERROR sampleslf4j.SampleSlf4j - error message
11:48:02.392 [main] DEBUG sampleslf4j.SampleSlf4j - de.bu.g me.ss.age
11:48:02.394 [main] INFO  sampleslf4j.SampleSlf4j - info message
11:48:02.394 [main] WARN  sampleslf4j.SampleSlf4j - warn message
11:48:02.394 [main] ERROR sampleslf4j.SampleSlf4j - error message
11:50:20.684 [main] DEBUG sampleslf4j.SampleSlf4j - de.bu.g me.ss.age
11:50:20.685 [main] INFO  sampleslf4j.SampleSlf4j - info message
11:50:20.685 [main] WARN  sampleslf4j.SampleSlf4j - warn message
11:50:20.685 [main] ERROR sampleslf4j.SampleSlf4j - error message
